<?xml version="1.0" encoding="UTF-8"?>
<!-- Generated by org.testng.reporters.JUnitReportReporter -->
<testsuite hostname="IQUAD-PC" failures="0" tests="1" name="com.crm.testscripts.CampaignModule" time="27.797" errors="0" timestamp="2024-12-26T09:16:06 IST" skipped="0">
  <testcase classname="com.crm.testscripts.CampaignModule" name="createCampaign" time="27.797">
    <system-out>
      <![CDATA[Google]]>
    </system-out>
  </testcase> <!-- createCampaign -->
  <system-out>
    <![CDATA[Google]]>
  </system-out>
</testsuite> <!-- com.crm.testscripts.CampaignModule -->
