<?xml version="1.0" encoding="UTF-8"?>
<!-- Generated by org.testng.reporters.JUnitReportReporter -->
<testsuite hostname="IQUAD-PC" failures="0" tests="2" name="com.crm.testscripts.LeadsModule" time="50.087" errors="0" timestamp="2024-12-26T18:26:34 IST" skipped="0">
  <testcase classname="com.crm.testscripts.LeadsModule" name="deleteLead" time="16.211">
    <system-out>
      <![CDATA[deleteLead is started
Lead deleted
deleteLead is passed]]>
    </system-out>
  </testcase> <!-- deleteLead -->
  <testcase classname="com.crm.testscripts.LeadsModule" name="createLead" time="33.876">
    <system-out>
      <![CDATA[createLead is started
Lead created
createLead is passed]]>
    </system-out>
  </testcase> <!-- createLead -->
  <system-out>
    <![CDATA[open browser
login
createLead is started
Lead created
createLead is passed
logout
login
deleteLead is started
Lead deleted
deleteLead is passed
logout
login
createCampaign is started
Campaign created
createCampaign is passed
logout
login
deleteCampaign is started
Campaign deleted
deleteCampaign is passed
logout
close browser]]>
  </system-out>
</testsuite> <!-- com.crm.testscripts.LeadsModule -->
