<?xml version="1.0" encoding="UTF-8"?>
<!-- Generated by org.testng.reporters.JUnitReportReporter -->
<testsuite hostname="IQUAD-PC" failures="0" tests="2" name="com.crm.testscripts.LeadsModule" time="73.420" errors="0" timestamp="2024-12-29T20:04:56 IST" skipped="0">
  <testcase classname="com.crm.testscripts.LeadsModule" name="createLead" time="30.256">
    <system-out>
      <![CDATA[createLead is started
Lead created
createLead is passed]]>
    </system-out>
  </testcase> <!-- createLead -->
  <testcase classname="com.crm.testscripts.LeadsModule" name="deleteLead" time="43.164">
    <system-out>
      <![CDATA[deleteLead is started
Lead deleted
deleteLead is passed]]>
    </system-out>
  </testcase> <!-- deleteLead -->
  <system-out>
    <![CDATA[open browser
login
createLead is started
Lead created
createLead is passed
logout
login
deleteLead is started
Lead deleted
deleteLead is passed
logout
close browser]]>
  </system-out>
</testsuite> <!-- com.crm.testscripts.LeadsModule -->
