<?xml version="1.0" encoding="UTF-8"?>
<!-- Generated by org.testng.reporters.JUnitReportReporter -->
<testsuite hostname="IQUAD-PC" failures="0" tests="2" name="com.crm.testscripts.CampaignModule" time="30.640" errors="0" timestamp="2024-12-29T17:31:37 IST" skipped="0">
  <testcase classname="com.crm.testscripts.CampaignModule" name="createCampaign" time="18.155">
    <system-out>
      <![CDATA[createCampaign is started
Campaign created
createCampaign is passed]]>
    </system-out>
  </testcase> <!-- createCampaign -->
  <testcase classname="com.crm.testscripts.CampaignModule" name="deleteCampaign" time="12.485">
    <system-out>
      <![CDATA[deleteCampaign is started
Campaign deleted
deleteCampaign is passed]]>
    </system-out>
  </testcase> <!-- deleteCampaign -->
  <system-out>
    <![CDATA[open browser
login
createCampaign is started
Campaign created
createCampaign is passed
logout
login
deleteCampaign is started
Campaign deleted
deleteCampaign is passed
logout
close browser]]>
  </system-out>
</testsuite> <!-- com.crm.testscripts.CampaignModule -->
